<?xml version="1.0" encoding="UTF-8"?>
<testng-results skipped="0" failed="0" total="1" passed="1">
  <reporter-output>
  </reporter-output>
  <suite name="Default suite" duration-ms="15161" started-at="2019-04-04T05:18:22Z" finished-at="2019-04-04T05:18:37Z">
    <groups>
    </groups>
    <test name="Default test" duration-ms="15161" started-at="2019-04-04T05:18:22Z" finished-at="2019-04-04T05:18:37Z">
      <class name="com.crm.organizationtest.OrgAdvancedsearchTest">
        <test-method status="PASS" signature="configbeforeSuite()[pri:0, instance:com.crm.organizationtest.OrgAdvancedsearchTest@4b9e13df]" name="configbeforeSuite" is-config="true" duration-ms="118" started-at="2019-04-04T10:48:22Z" finished-at="2019-04-04T10:48:22Z">
          <reporter-output>
          </reporter-output>
        </test-method> <!-- configbeforeSuite -->
        <test-method status="PASS" signature="configBc()[pri:0, instance:com.crm.organizationtest.OrgAdvancedsearchTest@4b9e13df]" name="configBc" is-config="true" duration-ms="4934" started-at="2019-04-04T10:48:22Z" finished-at="2019-04-04T10:48:27Z">
          <reporter-output>
          </reporter-output>
        </test-method> <!-- configBc -->
        <test-method status="PASS" signature="configBM()[pri:0, instance:com.crm.organizationtest.OrgAdvancedsearchTest@4b9e13df]" name="configBM" is-config="true" duration-ms="2399" started-at="2019-04-04T10:48:27Z" finished-at="2019-04-04T10:48:29Z">
          <reporter-output>
          </reporter-output>
        </test-method> <!-- configBM -->
        <test-method status="PASS" signature="AdvancedsearchTest()[pri:0, instance:com.crm.organizationtest.OrgAdvancedsearchTest@4b9e13df]" name="AdvancedsearchTest" duration-ms="5376" started-at="2019-04-04T10:48:29Z" finished-at="2019-04-04T10:48:34Z">
          <reporter-output>
          </reporter-output>
        </test-method> <!-- AdvancedsearchTest -->
        <test-method status="PASS" signature="configAm()[pri:0, instance:com.crm.organizationtest.OrgAdvancedsearchTest@4b9e13df]" name="configAm" is-config="true" duration-ms="119" started-at="2019-04-04T10:48:34Z" finished-at="2019-04-04T10:48:35Z">
          <reporter-output>
          </reporter-output>
        </test-method> <!-- configAm -->
        <test-method status="PASS" signature="afterClass()[pri:0, instance:com.crm.organizationtest.OrgAdvancedsearchTest@4b9e13df]" name="afterClass" is-config="true" duration-ms="2319" started-at="2019-04-04T10:48:35Z" finished-at="2019-04-04T10:48:37Z">
          <reporter-output>
          </reporter-output>
        </test-method> <!-- afterClass -->
        <test-method status="PASS" signature="configafterSuite()[pri:0, instance:com.crm.organizationtest.OrgAdvancedsearchTest@4b9e13df]" name="configafterSuite" is-config="true" duration-ms="213" started-at="2019-04-04T10:48:37Z" finished-at="2019-04-04T10:48:37Z">
          <reporter-output>
          </reporter-output>
        </test-method> <!-- configafterSuite -->
      </class> <!-- com.crm.organizationtest.OrgAdvancedsearchTest -->
    </test> <!-- Default test -->
  </suite> <!-- Default suite -->
</testng-results>
